<?xml version="1.0" encoding="UTF-8"?>
<coverage generated="1639798034461" clover="3.2.0">
  <project timestamp="1639798034461" name="All files">
    <metrics statements="10" coveredstatements="10" conditionals="4" coveredconditionals="3" methods="4" coveredmethods="4" elements="18" coveredelements="17" complexity="0" loc="10" ncloc="10" packages="1" files="1" classes="1"/>
    <file name="Button.vue" path="D:\Projects\fav\src\components\Button.vue">
      <metrics statements="10" coveredstatements="10" conditionals="4" coveredconditionals="3" methods="4" coveredmethods="4"/>
      <line num="23" count="1" type="stmt"/>
      <line num="25" count="1" type="stmt"/>
      <line num="29" count="1" type="stmt"/>
      <line num="43" count="1" type="stmt"/>
      <line num="52" count="1" type="stmt"/>
      <line num="62" count="3" type="stmt"/>
      <line num="70" count="3" type="stmt"/>
      <line num="91" count="3" type="stmt"/>
      <line num="92" count="3" type="cond" truecount="3" falsecount="1"/>
      <line num="97" count="3" type="stmt"/>
    </file>
  </project>
</coverage>
