{"D:\\Projects\\fav\\src\\components\\Button.vue": {"path":"D:\\Projects\\fav\\src\\components\\Button.vue","statementMap":{"0":{"start":{"line":23,"column":0},"end":{"line":23,"column":null}},"1":{"start":{"line":25,"column":0},"end":{"line":25,"column":null}},"2":{"start":{"line":29,"column":47},"end":{"line":29,"column":null}},"3":{"start":{"line":43,"column":49},"end":{"line":43,"column":null}},"4":{"start":{"line":52,"column":0},"end":{"line":52,"column":15}},"5":{"start":{"line":62,"column":8},"end":{"line":62,"column":15}},"6":{"start":{"line":70,"column":8},"end":{"line":70,"column":15}},"7":{"start":{"line":91,"column":22},"end":{"line":91,"column":31}},"8":{"start":{"line":92,"column":6},"end":{"line":92,"column":13}},"9":{"start":{"line":97,"column":4},"end":{"line":97,"column":11}}},"fnMap":{"0":{"name":"(anonymous_1)","decl":{"start":{"line":61,"column":17},"end":{"line":61,"column":18}},"loc":{"start":{"line":61,"column":29},"end":{"line":63,"column":null}}},"1":{"name":"(anonymous_2)","decl":{"start":{"line":69,"column":17},"end":{"line":69,"column":18}},"loc":{"start":{"line":69,"column":29},"end":{"line":71,"column":null}}},"2":{"name":"(anonymous_3)","decl":{"start":{"line":90,"column":2},"end":{"line":90,"column":7}},"loc":{"start":{"line":90,"column":13},"end":{"line":100,"column":null}}},"3":{"name":"(anonymous_4)","decl":{"start":{"line":91,"column":31},"end":{"line":91,"column":null}},"loc":{"start":{"line":91,"column":31},"end":{"line":95,"column":null}}}},"branchMap":{"0":{"loc":{"start":{"line":92,"column":13},"end":{"line":94,"column":21}},"type":"cond-expr","locations":[{"start":{"line":93,"column":8},"end":{"line":93,"column":23}},{"start":{"line":94,"column":8},"end":{"line":94,"column":21}}]},"1":{"loc":{"start":{"line":92,"column":13},"end":{"line":92,"column":null}},"type":"binary-expr","locations":[{"start":{"line":92,"column":13},"end":{"line":92,"column":31}},{"start":{"line":92,"column":31},"end":{"line":92,"column":null}}]}},"s":{"0":1,"1":1,"2":1,"3":1,"4":1,"5":3,"6":3,"7":3,"8":3,"9":3},"f":{"0":3,"1":3,"2":3,"3":3},"b":{"0":[0,3],"1":[3,3]}}
}
